<?xml version="1.0" encoding="UTF-8"?>
<testsuite xmlns:xsi="http://www.w3.org/2001/XMLSchema-instance" xsi:noNamespaceSchemaLocation="https://maven.apache.org/surefire/maven-surefire-plugin/xsd/surefire-test-report.xsd" name="com.qhit.fsaas.AirasApplicationTests" time="17.778" tests="1" errors="0" skipped="0" failures="0">
  <properties>
    <property name="sun.desktop" value="windows"/>
    <property name="awt.toolkit" value="sun.awt.windows.WToolkit"/>
    <property name="file.encoding.pkg" value="sun.io"/>
    <property name="java.specification.version" value="1.8"/>
    <property name="sun.cpu.isalist" value="amd64"/>
    <property name="sun.jnu.encoding" value="GBK"/>
    <property name="java.class.path" value="C:\Users\轻狂书生\Desktop\project\cinema\target\test-classes;C:\Users\轻狂书生\Desktop\project\cinema\target\classes;D:\mavenrepository\org\springframework\boot\spring-boot-starter-data-redis\2.1.4.RELEASE\spring-boot-starter-data-redis-2.1.4.RELEASE.jar;D:\mavenrepository\org\springframework\boot\spring-boot-starter\2.1.4.RELEASE\spring-boot-starter-2.1.4.RELEASE.jar;D:\mavenrepository\org\springframework\boot\spring-boot-starter-logging\2.1.4.RELEASE\spring-boot-starter-logging-2.1.4.RELEASE.jar;D:\mavenrepository\ch\qos\logback\logback-classic\1.2.3\logback-classic-1.2.3.jar;D:\mavenrepository\ch\qos\logback\logback-core\1.2.3\logback-core-1.2.3.jar;D:\mavenrepository\org\apache\logging\log4j\log4j-to-slf4j\2.11.2\log4j-to-slf4j-2.11.2.jar;D:\mavenrepository\org\apache\logging\log4j\log4j-api\2.11.2\log4j-api-2.11.2.jar;D:\mavenrepository\org\slf4j\jul-to-slf4j\1.7.26\jul-to-slf4j-1.7.26.jar;D:\mavenrepository\javax\annotation\javax.annotation-api\1.3.2\javax.annotation-api-1.3.2.jar;D:\mavenrepository\org\yaml\snakeyaml\1.23\snakeyaml-1.23.jar;D:\mavenrepository\org\springframework\data\spring-data-redis\2.1.6.RELEASE\spring-data-redis-2.1.6.RELEASE.jar;D:\mavenrepository\org\springframework\data\spring-data-keyvalue\2.1.6.RELEASE\spring-data-keyvalue-2.1.6.RELEASE.jar;D:\mavenrepository\org\springframework\data\spring-data-commons\2.1.6.RELEASE\spring-data-commons-2.1.6.RELEASE.jar;D:\mavenrepository\org\springframework\spring-tx\5.1.6.RELEASE\spring-tx-5.1.6.RELEASE.jar;D:\mavenrepository\org\springframework\spring-oxm\5.1.6.RELEASE\spring-oxm-5.1.6.RELEASE.jar;D:\mavenrepository\org\springframework\spring-aop\5.1.6.RELEASE\spring-aop-5.1.6.RELEASE.jar;D:\mavenrepository\org\springframework\spring-context-support\5.1.6.RELEASE\spring-context-support-5.1.6.RELEASE.jar;D:\mavenrepository\org\slf4j\slf4j-api\1.7.26\slf4j-api-1.7.26.jar;D:\mavenrepository\io\lettuce\lettuce-core\5.1.6.RELEASE\lettuce-core-5.1.6.RELEASE.jar;D:\mavenrepository\io\netty\netty-common\4.1.34.Final\netty-common-4.1.34.Final.jar;D:\mavenrepository\io\netty\netty-handler\4.1.34.Final\netty-handler-4.1.34.Final.jar;D:\mavenrepository\io\netty\netty-buffer\4.1.34.Final\netty-buffer-4.1.34.Final.jar;D:\mavenrepository\io\netty\netty-codec\4.1.34.Final\netty-codec-4.1.34.Final.jar;D:\mavenrepository\io\netty\netty-transport\4.1.34.Final\netty-transport-4.1.34.Final.jar;D:\mavenrepository\io\netty\netty-resolver\4.1.34.Final\netty-resolver-4.1.34.Final.jar;D:\mavenrepository\io\projectreactor\reactor-core\3.2.8.RELEASE\reactor-core-3.2.8.RELEASE.jar;D:\mavenrepository\org\reactivestreams\reactive-streams\1.0.2\reactive-streams-1.0.2.jar;D:\mavenrepository\org\springframework\boot\spring-boot-starter-jdbc\2.1.4.RELEASE\spring-boot-starter-jdbc-2.1.4.RELEASE.jar;D:\mavenrepository\com\zaxxer\HikariCP\3.2.0\HikariCP-3.2.0.jar;D:\mavenrepository\org\springframework\spring-jdbc\5.1.6.RELEASE\spring-jdbc-5.1.6.RELEASE.jar;D:\mavenrepository\org\springframework\spring-beans\5.1.6.RELEASE\spring-beans-5.1.6.RELEASE.jar;D:\mavenrepository\org\springframework\boot\spring-boot-starter-web\2.1.4.RELEASE\spring-boot-starter-web-2.1.4.RELEASE.jar;D:\mavenrepository\org\springframework\boot\spring-boot-starter-json\2.1.4.RELEASE\spring-boot-starter-json-2.1.4.RELEASE.jar;D:\mavenrepository\com\fasterxml\jackson\core\jackson-databind\2.9.8\jackson-databind-2.9.8.jar;D:\mavenrepository\com\fasterxml\jackson\core\jackson-annotations\2.9.0\jackson-annotations-2.9.0.jar;D:\mavenrepository\com\fasterxml\jackson\core\jackson-core\2.9.8\jackson-core-2.9.8.jar;D:\mavenrepository\com\fasterxml\jackson\datatype\jackson-datatype-jdk8\2.9.8\jackson-datatype-jdk8-2.9.8.jar;D:\mavenrepository\com\fasterxml\jackson\datatype\jackson-datatype-jsr310\2.9.8\jackson-datatype-jsr310-2.9.8.jar;D:\mavenrepository\com\fasterxml\jackson\module\jackson-module-parameter-names\2.9.8\jackson-module-parameter-names-2.9.8.jar;D:\mavenrepository\org\springframework\boot\spring-boot-starter-tomcat\2.1.4.RELEASE\spring-boot-starter-tomcat-2.1.4.RELEASE.jar;D:\mavenrepository\org\apache\tomcat\embed\tomcat-embed-core\9.0.17\tomcat-embed-core-9.0.17.jar;D:\mavenrepository\org\apache\tomcat\embed\tomcat-embed-el\9.0.17\tomcat-embed-el-9.0.17.jar;D:\mavenrepository\org\apache\tomcat\embed\tomcat-embed-websocket\9.0.17\tomcat-embed-websocket-9.0.17.jar;D:\mavenrepository\org\hibernate\validator\hibernate-validator\6.0.16.Final\hibernate-validator-6.0.16.Final.jar;D:\mavenrepository\javax\validation\validation-api\2.0.1.Final\validation-api-2.0.1.Final.jar;D:\mavenrepository\org\jboss\logging\jboss-logging\3.3.2.Final\jboss-logging-3.3.2.Final.jar;D:\mavenrepository\com\fasterxml\classmate\1.4.0\classmate-1.4.0.jar;D:\mavenrepository\org\springframework\spring-web\5.1.6.RELEASE\spring-web-5.1.6.RELEASE.jar;D:\mavenrepository\org\springframework\spring-webmvc\5.1.6.RELEASE\spring-webmvc-5.1.6.RELEASE.jar;D:\mavenrepository\org\springframework\spring-context\5.1.6.RELEASE\spring-context-5.1.6.RELEASE.jar;D:\mavenrepository\org\springframework\spring-expression\5.1.6.RELEASE\spring-expression-5.1.6.RELEASE.jar;D:\mavenrepository\org\springframework\boot\spring-boot-starter-thymeleaf\2.1.4.RELEASE\spring-boot-starter-thymeleaf-2.1.4.RELEASE.jar;D:\mavenrepository\org\thymeleaf\thymeleaf-spring5\3.0.11.RELEASE\thymeleaf-spring5-3.0.11.RELEASE.jar;D:\mavenrepository\org\thymeleaf\thymeleaf\3.0.11.RELEASE\thymeleaf-3.0.11.RELEASE.jar;D:\mavenrepository\org\attoparser\attoparser\2.0.5.RELEASE\attoparser-2.0.5.RELEASE.jar;D:\mavenrepository\org\unbescape\unbescape\1.1.6.RELEASE\unbescape-1.1.6.RELEASE.jar;D:\mavenrepository\org\thymeleaf\extras\thymeleaf-extras-java8time\3.0.4.RELEASE\thymeleaf-extras-java8time-3.0.4.RELEASE.jar;D:\mavenrepository\org\mybatis\spring\boot\mybatis-spring-boot-starter\2.0.1\mybatis-spring-boot-starter-2.0.1.jar;D:\mavenrepository\org\mybatis\spring\boot\mybatis-spring-boot-autoconfigure\2.0.1\mybatis-spring-boot-autoconfigure-2.0.1.jar;D:\mavenrepository\org\mybatis\mybatis\3.5.1\mybatis-3.5.1.jar;D:\mavenrepository\org\mybatis\mybatis-spring\2.0.1\mybatis-spring-2.0.1.jar;D:\mavenrepository\mysql\mysql-connector-java\8.0.15\mysql-connector-java-8.0.15.jar;D:\mavenrepository\org\projectlombok\lombok\1.18.6\lombok-1.18.6.jar;D:\mavenrepository\org\springframework\boot\spring-boot-starter-test\2.1.4.RELEASE\spring-boot-starter-test-2.1.4.RELEASE.jar;D:\mavenrepository\org\springframework\boot\spring-boot-test\2.1.4.RELEASE\spring-boot-test-2.1.4.RELEASE.jar;D:\mavenrepository\org\springframework\boot\spring-boot-test-autoconfigure\2.1.4.RELEASE\spring-boot-test-autoconfigure-2.1.4.RELEASE.jar;D:\mavenrepository\com\jayway\jsonpath\json-path\2.4.0\json-path-2.4.0.jar;D:\mavenrepository\net\minidev\json-smart\2.3\json-smart-2.3.jar;D:\mavenrepository\net\minidev\accessors-smart\1.2\accessors-smart-1.2.jar;D:\mavenrepository\org\ow2\asm\asm\5.0.4\asm-5.0.4.jar;D:\mavenrepository\junit\junit\4.12\junit-4.12.jar;D:\mavenrepository\org\assertj\assertj-core\3.11.1\assertj-core-3.11.1.jar;D:\mavenrepository\org\mockito\mockito-core\2.23.4\mockito-core-2.23.4.jar;D:\mavenrepository\net\bytebuddy\byte-buddy\1.9.12\byte-buddy-1.9.12.jar;D:\mavenrepository\net\bytebuddy\byte-buddy-agent\1.9.12\byte-buddy-agent-1.9.12.jar;D:\mavenrepository\org\objenesis\objenesis\2.6\objenesis-2.6.jar;D:\mavenrepository\org\hamcrest\hamcrest-core\1.3\hamcrest-core-1.3.jar;D:\mavenrepository\org\hamcrest\hamcrest-library\1.3\hamcrest-library-1.3.jar;D:\mavenrepository\org\skyscreamer\jsonassert\1.5.0\jsonassert-1.5.0.jar;D:\mavenrepository\com\vaadin\external\google\android-json\0.0.20131108.vaadin1\android-json-0.0.20131108.vaadin1.jar;D:\mavenrepository\org\springframework\spring-core\5.1.6.RELEASE\spring-core-5.1.6.RELEASE.jar;D:\mavenrepository\org\springframework\spring-jcl\5.1.6.RELEASE\spring-jcl-5.1.6.RELEASE.jar;D:\mavenrepository\org\springframework\spring-test\5.1.6.RELEASE\spring-test-5.1.6.RELEASE.jar;D:\mavenrepository\org\xmlunit\xmlunit-core\2.6.2\xmlunit-core-2.6.2.jar;D:\mavenrepository\org\springframework\boot\spring-boot-devtools\2.1.4.RELEASE\spring-boot-devtools-2.1.4.RELEASE.jar;D:\mavenrepository\org\springframework\boot\spring-boot\2.1.4.RELEASE\spring-boot-2.1.4.RELEASE.jar;D:\mavenrepository\org\springframework\boot\spring-boot-autoconfigure\2.1.4.RELEASE\spring-boot-autoconfigure-2.1.4.RELEASE.jar;D:\mavenrepository\com\alibaba\fastjson\1.2.51\fastjson-1.2.51.jar;D:\mavenrepository\org\aspectj\aspectjweaver\1.8.13\aspectjweaver-1.8.13.jar;D:\mavenrepository\org\apache\poi\poi\3.9\poi-3.9.jar;D:\mavenrepository\commons-codec\commons-codec\1.11\commons-codec-1.11.jar;D:\mavenrepository\org\apache\poi\poi-ooxml\3.9\poi-ooxml-3.9.jar;D:\mavenrepository\dom4j\dom4j\1.6.1\dom4j-1.6.1.jar;D:\mavenrepository\xml-apis\xml-apis\1.4.01\xml-apis-1.4.01.jar;D:\mavenrepository\org\apache\poi\poi-ooxml-schemas\3.9\poi-ooxml-schemas-3.9.jar;D:\mavenrepository\org\apache\xmlbeans\xmlbeans\2.3.0\xmlbeans-2.3.0.jar;D:\mavenrepository\stax\stax-api\1.0.1\stax-api-1.0.1.jar;D:\mavenrepository\com\google\guava\guava\17.0\guava-17.0.jar;D:\mavenrepository\org\apache\commons\commons-lang3\3.3.2\commons-lang3-3.3.2.jar;D:\mavenrepository\cn\afterturn\easypoi-spring-boot-starter\4.0.0\easypoi-spring-boot-starter-4.0.0.jar;D:\mavenrepository\cn\afterturn\easypoi-web\4.0.0\easypoi-web-4.0.0.jar;D:\mavenrepository\cn\afterturn\easypoi-base\4.0.0\easypoi-base-4.0.0.jar;D:\mavenrepository\ognl\ognl\3.2.6\ognl-3.2.6.jar;D:\mavenrepository\org\javassist\javassist\3.20.0-GA\javassist-3.20.0-GA.jar;D:\mavenrepository\cn\afterturn\easypoi-annotation\4.0.0\easypoi-annotation-4.0.0.jar;"/>
    <property name="java.vm.vendor" value="Oracle Corporation"/>
    <property name="sun.arch.data.model" value="64"/>
    <property name="user.variant" value=""/>
    <property name="java.vendor.url" value="http://java.oracle.com/"/>
    <property name="user.timezone" value="Asia/Shanghai"/>
    <property name="java.vm.specification.version" value="1.8"/>
    <property name="os.name" value="Windows 10"/>
    <property name="user.country" value="CN"/>
    <property name="sun.java.launcher" value="SUN_STANDARD"/>
    <property name="sun.boot.library.path" value="C:\Program Files\Java\jdk1.8.0_181\jre\bin"/>
    <property name="sun.java.command" value="C:\Users\轻狂书生\AppData\Local\Temp\surefire4689820188730871620\surefirebooter5358390109754858656.jar C:\Users\轻狂书生\AppData\Local\Temp\surefire4689820188730871620 2020-06-22T12-52-10_486-jvmRun1 surefire5129759373482711711tmp surefire_05221689311046262605tmp"/>
    <property name="surefire.test.class.path" value="C:\Users\轻狂书生\Desktop\project\cinema\target\test-classes;C:\Users\轻狂书生\Desktop\project\cinema\target\classes;D:\mavenrepository\org\springframework\boot\spring-boot-starter-data-redis\2.1.4.RELEASE\spring-boot-starter-data-redis-2.1.4.RELEASE.jar;D:\mavenrepository\org\springframework\boot\spring-boot-starter\2.1.4.RELEASE\spring-boot-starter-2.1.4.RELEASE.jar;D:\mavenrepository\org\springframework\boot\spring-boot-starter-logging\2.1.4.RELEASE\spring-boot-starter-logging-2.1.4.RELEASE.jar;D:\mavenrepository\ch\qos\logback\logback-classic\1.2.3\logback-classic-1.2.3.jar;D:\mavenrepository\ch\qos\logback\logback-core\1.2.3\logback-core-1.2.3.jar;D:\mavenrepository\org\apache\logging\log4j\log4j-to-slf4j\2.11.2\log4j-to-slf4j-2.11.2.jar;D:\mavenrepository\org\apache\logging\log4j\log4j-api\2.11.2\log4j-api-2.11.2.jar;D:\mavenrepository\org\slf4j\jul-to-slf4j\1.7.26\jul-to-slf4j-1.7.26.jar;D:\mavenrepository\javax\annotation\javax.annotation-api\1.3.2\javax.annotation-api-1.3.2.jar;D:\mavenrepository\org\yaml\snakeyaml\1.23\snakeyaml-1.23.jar;D:\mavenrepository\org\springframework\data\spring-data-redis\2.1.6.RELEASE\spring-data-redis-2.1.6.RELEASE.jar;D:\mavenrepository\org\springframework\data\spring-data-keyvalue\2.1.6.RELEASE\spring-data-keyvalue-2.1.6.RELEASE.jar;D:\mavenrepository\org\springframework\data\spring-data-commons\2.1.6.RELEASE\spring-data-commons-2.1.6.RELEASE.jar;D:\mavenrepository\org\springframework\spring-tx\5.1.6.RELEASE\spring-tx-5.1.6.RELEASE.jar;D:\mavenrepository\org\springframework\spring-oxm\5.1.6.RELEASE\spring-oxm-5.1.6.RELEASE.jar;D:\mavenrepository\org\springframework\spring-aop\5.1.6.RELEASE\spring-aop-5.1.6.RELEASE.jar;D:\mavenrepository\org\springframework\spring-context-support\5.1.6.RELEASE\spring-context-support-5.1.6.RELEASE.jar;D:\mavenrepository\org\slf4j\slf4j-api\1.7.26\slf4j-api-1.7.26.jar;D:\mavenrepository\io\lettuce\lettuce-core\5.1.6.RELEASE\lettuce-core-5.1.6.RELEASE.jar;D:\mavenrepository\io\netty\netty-common\4.1.34.Final\netty-common-4.1.34.Final.jar;D:\mavenrepository\io\netty\netty-handler\4.1.34.Final\netty-handler-4.1.34.Final.jar;D:\mavenrepository\io\netty\netty-buffer\4.1.34.Final\netty-buffer-4.1.34.Final.jar;D:\mavenrepository\io\netty\netty-codec\4.1.34.Final\netty-codec-4.1.34.Final.jar;D:\mavenrepository\io\netty\netty-transport\4.1.34.Final\netty-transport-4.1.34.Final.jar;D:\mavenrepository\io\netty\netty-resolver\4.1.34.Final\netty-resolver-4.1.34.Final.jar;D:\mavenrepository\io\projectreactor\reactor-core\3.2.8.RELEASE\reactor-core-3.2.8.RELEASE.jar;D:\mavenrepository\org\reactivestreams\reactive-streams\1.0.2\reactive-streams-1.0.2.jar;D:\mavenrepository\org\springframework\boot\spring-boot-starter-jdbc\2.1.4.RELEASE\spring-boot-starter-jdbc-2.1.4.RELEASE.jar;D:\mavenrepository\com\zaxxer\HikariCP\3.2.0\HikariCP-3.2.0.jar;D:\mavenrepository\org\springframework\spring-jdbc\5.1.6.RELEASE\spring-jdbc-5.1.6.RELEASE.jar;D:\mavenrepository\org\springframework\spring-beans\5.1.6.RELEASE\spring-beans-5.1.6.RELEASE.jar;D:\mavenrepository\org\springframework\boot\spring-boot-starter-web\2.1.4.RELEASE\spring-boot-starter-web-2.1.4.RELEASE.jar;D:\mavenrepository\org\springframework\boot\spring-boot-starter-json\2.1.4.RELEASE\spring-boot-starter-json-2.1.4.RELEASE.jar;D:\mavenrepository\com\fasterxml\jackson\core\jackson-databind\2.9.8\jackson-databind-2.9.8.jar;D:\mavenrepository\com\fasterxml\jackson\core\jackson-annotations\2.9.0\jackson-annotations-2.9.0.jar;D:\mavenrepository\com\fasterxml\jackson\core\jackson-core\2.9.8\jackson-core-2.9.8.jar;D:\mavenrepository\com\fasterxml\jackson\datatype\jackson-datatype-jdk8\2.9.8\jackson-datatype-jdk8-2.9.8.jar;D:\mavenrepository\com\fasterxml\jackson\datatype\jackson-datatype-jsr310\2.9.8\jackson-datatype-jsr310-2.9.8.jar;D:\mavenrepository\com\fasterxml\jackson\module\jackson-module-parameter-names\2.9.8\jackson-module-parameter-names-2.9.8.jar;D:\mavenrepository\org\springframework\boot\spring-boot-starter-tomcat\2.1.4.RELEASE\spring-boot-starter-tomcat-2.1.4.RELEASE.jar;D:\mavenrepository\org\apache\tomcat\embed\tomcat-embed-core\9.0.17\tomcat-embed-core-9.0.17.jar;D:\mavenrepository\org\apache\tomcat\embed\tomcat-embed-el\9.0.17\tomcat-embed-el-9.0.17.jar;D:\mavenrepository\org\apache\tomcat\embed\tomcat-embed-websocket\9.0.17\tomcat-embed-websocket-9.0.17.jar;D:\mavenrepository\org\hibernate\validator\hibernate-validator\6.0.16.Final\hibernate-validator-6.0.16.Final.jar;D:\mavenrepository\javax\validation\validation-api\2.0.1.Final\validation-api-2.0.1.Final.jar;D:\mavenrepository\org\jboss\logging\jboss-logging\3.3.2.Final\jboss-logging-3.3.2.Final.jar;D:\mavenrepository\com\fasterxml\classmate\1.4.0\classmate-1.4.0.jar;D:\mavenrepository\org\springframework\spring-web\5.1.6.RELEASE\spring-web-5.1.6.RELEASE.jar;D:\mavenrepository\org\springframework\spring-webmvc\5.1.6.RELEASE\spring-webmvc-5.1.6.RELEASE.jar;D:\mavenrepository\org\springframework\spring-context\5.1.6.RELEASE\spring-context-5.1.6.RELEASE.jar;D:\mavenrepository\org\springframework\spring-expression\5.1.6.RELEASE\spring-expression-5.1.6.RELEASE.jar;D:\mavenrepository\org\springframework\boot\spring-boot-starter-thymeleaf\2.1.4.RELEASE\spring-boot-starter-thymeleaf-2.1.4.RELEASE.jar;D:\mavenrepository\org\thymeleaf\thymeleaf-spring5\3.0.11.RELEASE\thymeleaf-spring5-3.0.11.RELEASE.jar;D:\mavenrepository\org\thymeleaf\thymeleaf\3.0.11.RELEASE\thymeleaf-3.0.11.RELEASE.jar;D:\mavenrepository\org\attoparser\attoparser\2.0.5.RELEASE\attoparser-2.0.5.RELEASE.jar;D:\mavenrepository\org\unbescape\unbescape\1.1.6.RELEASE\unbescape-1.1.6.RELEASE.jar;D:\mavenrepository\org\thymeleaf\extras\thymeleaf-extras-java8time\3.0.4.RELEASE\thymeleaf-extras-java8time-3.0.4.RELEASE.jar;D:\mavenrepository\org\mybatis\spring\boot\mybatis-spring-boot-starter\2.0.1\mybatis-spring-boot-starter-2.0.1.jar;D:\mavenrepository\org\mybatis\spring\boot\mybatis-spring-boot-autoconfigure\2.0.1\mybatis-spring-boot-autoconfigure-2.0.1.jar;D:\mavenrepository\org\mybatis\mybatis\3.5.1\mybatis-3.5.1.jar;D:\mavenrepository\org\mybatis\mybatis-spring\2.0.1\mybatis-spring-2.0.1.jar;D:\mavenrepository\mysql\mysql-connector-java\8.0.15\mysql-connector-java-8.0.15.jar;D:\mavenrepository\org\projectlombok\lombok\1.18.6\lombok-1.18.6.jar;D:\mavenrepository\org\springframework\boot\spring-boot-starter-test\2.1.4.RELEASE\spring-boot-starter-test-2.1.4.RELEASE.jar;D:\mavenrepository\org\springframework\boot\spring-boot-test\2.1.4.RELEASE\spring-boot-test-2.1.4.RELEASE.jar;D:\mavenrepository\org\springframework\boot\spring-boot-test-autoconfigure\2.1.4.RELEASE\spring-boot-test-autoconfigure-2.1.4.RELEASE.jar;D:\mavenrepository\com\jayway\jsonpath\json-path\2.4.0\json-path-2.4.0.jar;D:\mavenrepository\net\minidev\json-smart\2.3\json-smart-2.3.jar;D:\mavenrepository\net\minidev\accessors-smart\1.2\accessors-smart-1.2.jar;D:\mavenrepository\org\ow2\asm\asm\5.0.4\asm-5.0.4.jar;D:\mavenrepository\junit\junit\4.12\junit-4.12.jar;D:\mavenrepository\org\assertj\assertj-core\3.11.1\assertj-core-3.11.1.jar;D:\mavenrepository\org\mockito\mockito-core\2.23.4\mockito-core-2.23.4.jar;D:\mavenrepository\net\bytebuddy\byte-buddy\1.9.12\byte-buddy-1.9.12.jar;D:\mavenrepository\net\bytebuddy\byte-buddy-agent\1.9.12\byte-buddy-agent-1.9.12.jar;D:\mavenrepository\org\objenesis\objenesis\2.6\objenesis-2.6.jar;D:\mavenrepository\org\hamcrest\hamcrest-core\1.3\hamcrest-core-1.3.jar;D:\mavenrepository\org\hamcrest\hamcrest-library\1.3\hamcrest-library-1.3.jar;D:\mavenrepository\org\skyscreamer\jsonassert\1.5.0\jsonassert-1.5.0.jar;D:\mavenrepository\com\vaadin\external\google\android-json\0.0.20131108.vaadin1\android-json-0.0.20131108.vaadin1.jar;D:\mavenrepository\org\springframework\spring-core\5.1.6.RELEASE\spring-core-5.1.6.RELEASE.jar;D:\mavenrepository\org\springframework\spring-jcl\5.1.6.RELEASE\spring-jcl-5.1.6.RELEASE.jar;D:\mavenrepository\org\springframework\spring-test\5.1.6.RELEASE\spring-test-5.1.6.RELEASE.jar;D:\mavenrepository\org\xmlunit\xmlunit-core\2.6.2\xmlunit-core-2.6.2.jar;D:\mavenrepository\org\springframework\boot\spring-boot-devtools\2.1.4.RELEASE\spring-boot-devtools-2.1.4.RELEASE.jar;D:\mavenrepository\org\springframework\boot\spring-boot\2.1.4.RELEASE\spring-boot-2.1.4.RELEASE.jar;D:\mavenrepository\org\springframework\boot\spring-boot-autoconfigure\2.1.4.RELEASE\spring-boot-autoconfigure-2.1.4.RELEASE.jar;D:\mavenrepository\com\alibaba\fastjson\1.2.51\fastjson-1.2.51.jar;D:\mavenrepository\org\aspectj\aspectjweaver\1.8.13\aspectjweaver-1.8.13.jar;D:\mavenrepository\org\apache\poi\poi\3.9\poi-3.9.jar;D:\mavenrepository\commons-codec\commons-codec\1.11\commons-codec-1.11.jar;D:\mavenrepository\org\apache\poi\poi-ooxml\3.9\poi-ooxml-3.9.jar;D:\mavenrepository\dom4j\dom4j\1.6.1\dom4j-1.6.1.jar;D:\mavenrepository\xml-apis\xml-apis\1.4.01\xml-apis-1.4.01.jar;D:\mavenrepository\org\apache\poi\poi-ooxml-schemas\3.9\poi-ooxml-schemas-3.9.jar;D:\mavenrepository\org\apache\xmlbeans\xmlbeans\2.3.0\xmlbeans-2.3.0.jar;D:\mavenrepository\stax\stax-api\1.0.1\stax-api-1.0.1.jar;D:\mavenrepository\com\google\guava\guava\17.0\guava-17.0.jar;D:\mavenrepository\org\apache\commons\commons-lang3\3.3.2\commons-lang3-3.3.2.jar;D:\mavenrepository\cn\afterturn\easypoi-spring-boot-starter\4.0.0\easypoi-spring-boot-starter-4.0.0.jar;D:\mavenrepository\cn\afterturn\easypoi-web\4.0.0\easypoi-web-4.0.0.jar;D:\mavenrepository\cn\afterturn\easypoi-base\4.0.0\easypoi-base-4.0.0.jar;D:\mavenrepository\ognl\ognl\3.2.6\ognl-3.2.6.jar;D:\mavenrepository\org\javassist\javassist\3.20.0-GA\javassist-3.20.0-GA.jar;D:\mavenrepository\cn\afterturn\easypoi-annotation\4.0.0\easypoi-annotation-4.0.0.jar;"/>
    <property name="sun.cpu.endian" value="little"/>
    <property name="user.home" value="C:\Users\轻狂书生"/>
    <property name="user.language" value="zh"/>
    <property name="java.specification.vendor" value="Oracle Corporation"/>
    <property name="java.home" value="C:\Program Files\Java\jdk1.8.0_181\jre"/>
    <property name="basedir" value="C:\Users\轻狂书生\Desktop\project\cinema"/>
    <property name="file.separator" value="\"/>
    <property name="line.separator" value="&#10;"/>
    <property name="java.vm.specification.vendor" value="Oracle Corporation"/>
    <property name="java.specification.name" value="Java Platform API Specification"/>
    <property name="java.awt.graphicsenv" value="sun.awt.Win32GraphicsEnvironment"/>
    <property name="surefire.real.class.path" value="C:\Users\轻狂书生\AppData\Local\Temp\surefire4689820188730871620\surefirebooter5358390109754858656.jar"/>
    <property name="sun.boot.class.path" value="C:\Program Files\Java\jdk1.8.0_181\jre\lib\resources.jar;C:\Program Files\Java\jdk1.8.0_181\jre\lib\rt.jar;C:\Program Files\Java\jdk1.8.0_181\jre\lib\sunrsasign.jar;C:\Program Files\Java\jdk1.8.0_181\jre\lib\jsse.jar;C:\Program Files\Java\jdk1.8.0_181\jre\lib\jce.jar;C:\Program Files\Java\jdk1.8.0_181\jre\lib\charsets.jar;C:\Program Files\Java\jdk1.8.0_181\jre\lib\jfr.jar;C:\Program Files\Java\jdk1.8.0_181\jre\classes"/>
    <property name="user.script" value=""/>
    <property name="sun.management.compiler" value="HotSpot 64-Bit Tiered Compilers"/>
    <property name="java.runtime.version" value="1.8.0_181-b13"/>
    <property name="user.name" value="轻狂书生"/>
    <property name="path.separator" value=";"/>
    <property name="os.version" value="10.0"/>
    <property name="java.endorsed.dirs" value="C:\Program Files\Java\jdk1.8.0_181\jre\lib\endorsed"/>
    <property name="java.runtime.name" value="Java(TM) SE Runtime Environment"/>
    <property name="file.encoding" value="GBK"/>
    <property name="java.vm.name" value="Java HotSpot(TM) 64-Bit Server VM"/>
    <property name="localRepository" value="D:\mavenrepository"/>
    <property name="java.vendor.url.bug" value="http://bugreport.sun.com/bugreport/"/>
    <property name="java.io.tmpdir" value="C:\Users\轻狂书生\AppData\Local\Temp\"/>
    <property name="idea.version" value="2017.3.4"/>
    <property name="java.version" value="1.8.0_181"/>
    <property name="user.dir" value="C:\Users\轻狂书生\Desktop\project\cinema"/>
    <property name="os.arch" value="amd64"/>
    <property name="java.vm.specification.name" value="Java Virtual Machine Specification"/>
    <property name="java.awt.printerjob" value="sun.awt.windows.WPrinterJob"/>
    <property name="sun.os.patch.level" value=""/>
    <property name="java.library.path" value="C:\Program Files\Java\jdk1.8.0_181\jre\bin;C:\WINDOWS\Sun\Java\bin;C:\WINDOWS\system32;C:\WINDOWS;D:\putty远程连接\xshell\;C:\Program Files\Java\jdk1.8.0_181\bin;C:\Program Files\Java\jdk1.8.0_181\jre\bin;C:\Program Files (x86)\Common Files\Oracle\Java\javapath;C:\WINDOWS\system32;C:\WINDOWS;C:\WINDOWS\System32\Wbem;C:\WINDOWS\System32\WindowsPowerShell\v1.0\;C:\WINDOWS\System32\OpenSSH\;C:\Program Files\Intel\WiFi\bin\;C:\Program Files\Common Files\Intel\WirelessCommon\;C:\Program Files\MySQL\MySQL Server 5.6\bin;D:\file\web\apache-tomcat-8.5.32\bin;D:\maven\apache-maven-3.3.9\bin;D:\putty远程连接\putty英文\;D:\vue\;D:\installationPath\zookeeper-3.4.10\bin;D:\installationPath\erlang\erl10.0.1\bin;D:\installationPath\rabbitmq_server-3.7.7\sbin;C:\Users\轻狂书生\AppData\Local\Microsoft\WindowsApps;C:\Users\轻狂书生\AppData\Roaming\npm;."/>
    <property name="java.vm.info" value="mixed mode"/>
    <property name="java.vendor" value="Oracle Corporation"/>
    <property name="java.vm.version" value="25.181-b13"/>
    <property name="java.ext.dirs" value="C:\Program Files\Java\jdk1.8.0_181\jre\lib\ext;C:\WINDOWS\Sun\Java\lib\ext"/>
    <property name="sun.io.unicode.encoding" value="UnicodeLittle"/>
    <property name="maven.repo.local" value="D:\mavenrepository"/>
    <property name="java.class.version" value="52.0"/>
  </properties>
  <testcase name="contextLoads" classname="com.qhit.fsaas.AirasApplicationTests" time="0.568"/>
</testsuite>